<?xml version="1.0" encoding="utf-8"?><testsuites name="pytest tests"><testsuite name="pytest" errors="0" failures="0" skipped="0" tests="8" time="1.348" timestamp="2026-09-02T12:25:31.333973+00:00" hostname="agent-env-e5be8215-a310-4df0-b499-e285845f7e2e"><testcase classname="backend.tests.test_bookings_flow" name="test_health" time="0.195" /><testcase classname="backend.tests.test_bookings_flow" name="test_create_booking_public" time="0.108" /><testcase classname="backend.tests.test_bookings_flow" name="test_list_bookings_requires_admin" time="0.149" /><testcase classname="backend.tests.test_bookings_flow" name="test_list_bookings_admin_contains_our_booking" time="0.095" /><testcase classname="backend.tests.test_bookings_flow" name="test_patch_booking_status_requires_admin" time="0.125" /><testcase classname="backend.tests.test_bookings_flow" name="test_patch_booking_status_valid" time="0.275" /><testcase classname="backend.tests.test_bookings_flow" name="test_patch_booking_status_invalid" time="0.090" /><testcase classname="backend.tests.test_bookings_flow" name="test_patch_booking_not_found" time="0.190" /></testsuite></testsuites>