<?xml version="1.0" encoding="utf-8"?><testsuites name="pytest tests"><testsuite name="pytest" errors="0" failures="0" skipped="0" tests="15" time="8.737" timestamp="2026-08-29T07:55:48.085154+00:00" hostname="agent-env-e5be8215-a310-4df0-b499-e285845f7e2e"><testcase classname="backend.tests.test_admin_allowlist.TestPublic" name="test_health" time="0.208" /><testcase classname="backend.tests.test_admin_allowlist.TestPublic" name="test_content_public" time="0.114" /><testcase classname="backend.tests.test_admin_allowlist.TestPublic" name="test_auth_me_unauth_401" time="0.075" /><testcase classname="backend.tests.test_admin_allowlist.TestPublic" name="test_bookings_unauth_403" time="0.130" /><testcase classname="backend.tests.test_admin_allowlist.TestPublic" name="test_put_content_unauth_403" time="0.112" /><testcase classname="backend.tests.test_admin_allowlist.TestAdminAllowlist" name="test_auth_me_returns_is_admin_true_for_allowlisted_email" time="0.760" /><testcase classname="backend.tests.test_admin_allowlist.TestAdminAllowlist" name="test_admin_can_list_bookings" time="0.761" /><testcase classname="backend.tests.test_admin_allowlist.TestAdminAllowlist" name="test_admin_can_list_media" time="0.807" /><testcase classname="backend.tests.test_admin_allowlist.TestAdminAllowlist" name="test_admin_can_put_content_and_persist" time="1.100" /><testcase classname="backend.tests.test_admin_allowlist.TestDenial" name="test_stale_admin_flag_ignored_auth_me" time="0.888" /><testcase classname="backend.tests.test_admin_allowlist.TestDenial" name="test_stale_admin_cannot_get_bookings" time="0.877" /><testcase classname="backend.tests.test_admin_allowlist.TestDenial" name="test_stale_admin_cannot_get_media" time="0.819" /><testcase classname="backend.tests.test_admin_allowlist.TestDenial" name="test_stale_admin_cannot_put_content" time="0.782" /><testcase classname="backend.tests.test_admin_allowlist.TestDenial" name="test_example_domain_is_not_admin" time="0.824" /><testcase classname="backend.tests.test_admin_allowlist.TestNoLeftoverAdmins" name="test_no_stray_admin_users_in_db" time="0.383" /></testsuite></testsuites>