<?xml version="1.0" encoding="utf-8"?><testsuites name="pytest tests"><testsuite name="pytest" errors="0" failures="0" skipped="0" tests="8" time="2.094" timestamp="2026-08-27T14:45:54.774924+00:00" hostname="agent-env-e5be8215-a310-4df0-b499-e285845f7e2e"><testcase classname="backend.tests.test_api" name="test_health" time="0.367" /><testcase classname="backend.tests.test_api" name="test_content_structure" time="0.328" /><testcase classname="backend.tests.test_api" name="test_booking_create" time="0.322" /><testcase classname="backend.tests.test_api" name="test_booking_missing_required" time="0.256" /><testcase classname="backend.tests.test_api" name="test_admin_endpoints_forbidden[GET-/bookings]" time="0.144" /><testcase classname="backend.tests.test_api" name="test_admin_endpoints_forbidden[PUT-/content]" time="0.153" /><testcase classname="backend.tests.test_api" name="test_admin_endpoints_forbidden[GET-/media]" time="0.247" /><testcase classname="backend.tests.test_api" name="test_auth_me_unauthenticated" time="0.189" /></testsuite></testsuites>